GluttonyError
KillError
DrunkError
DepressionError
DrunkError
KillError
DrunkError
CarCrashError
CarCrashError

CarCrashError
DepressionError
GluttonyError

DrunkError

CarCrashError
DepressionError

CarCrashError

CarCrashError
GluttonyError
CarCrashError
GluttonyError
GluttonyError
KillError
DrunkError

CarCrashError

CarCrashError
DepressionError
DepressionError
CarCrashError
GluttonyError
GluttonyError
KillError
GluttonyError
DepressionError
DrunkError
GluttonyError
DrunkError
GluttonyError
GluttonyError
KillError

